<?xml version="1.0" encoding="UTF-8"?>
<!-- Generated by org.testng.reporters.JUnitXMLReporter -->
<testsuite hostname="G-xiaf" name="Try4" tests="1" failures="1" timestamp="13 Apr 2017 09:57:21 GMT" time="135.571" errors="0">
  <testcase name="delallsdn" time="118.776" classname="cloud2.delautosdn">
    <failure type="org.openqa.selenium.ElementNotVisibleException" message="Element is not currently visible and so may not be interacted with
Command duration or timeout: 131 milliseconds
Build info: version: &amp;apos;unknown&amp;apos;, revision: &amp;apos;unknown&amp;apos;, time: &amp;apos;unknown&amp;apos;
System info: host: &amp;apos;G-xiaf&amp;apos;, ip: &amp;apos;192.168.106.252&amp;apos;, os.name: &amp;apos;Windows 7&amp;apos;, os.arch: &amp;apos;amd64&amp;apos;, os.version: &amp;apos;6.1&amp;apos;, java.version: &amp;apos;1.7.0_80&amp;apos;
Session ID: beb03eba-58a6-47fa-9ea2-39717e04c16c
Driver info: org.openqa.selenium.firefox.FirefoxDriver
Capabilities [{platform=WINDOWS, acceptSslCerts=true, javascriptEnabled=true, cssSelectorsEnabled=true, databaseEnabled=true, browserName=firefox, handlesAlerts=true, nativeEvents=true, webStorageEnabled=true, rotatable=false, locationContextEnabled=true, applicationCacheEnabled=true, takesScreenshot=true, version=33.1.1}]">
      <![CDATA[org.openqa.selenium.ElementNotVisibleException: Element is not currently visible and so may not be interacted with
Command duration or timeout: 131 milliseconds
Build info: version: 'unknown', revision: 'unknown', time: 'unknown'
System info: host: 'G-xiaf', ip: '192.168.106.252', os.name: 'Windows 7', os.arch: 'amd64', os.version: '6.1', java.version: '1.7.0_80'
Session ID: beb03eba-58a6-47fa-9ea2-39717e04c16c
Driver info: org.openqa.selenium.firefox.FirefoxDriver
Capabilities [{platform=WINDOWS, acceptSslCerts=true, javascriptEnabled=true, cssSelectorsEnabled=true, databaseEnabled=true, browserName=firefox, handlesAlerts=true, nativeEvents=true, webStorageEnabled=true, rotatable=false, locationContextEnabled=true, applicationCacheEnabled=true, takesScreenshot=true, version=33.1.1}]
	at org.openqa.selenium.remote.ErrorHandler.createThrowable(ErrorHandler.java:206)
	at org.openqa.selenium.remote.ErrorHandler.throwIfResponseFailed(ErrorHandler.java:158)
	at org.openqa.selenium.remote.RemoteWebDriver.execute(RemoteWebDriver.java:595)
	at org.openqa.selenium.remote.RemoteWebElement.execute(RemoteWebElement.java:273)
	at org.openqa.selenium.remote.RemoteWebElement.click(RemoteWebElement.java:84)
	at cloud2.delautosdn.delautosdn(delautosdn.java:88)
	at cloud2.delautosdn.delallsdn(delautosdn.java:43)
Caused by: org.openqa.selenium.ElementNotVisibleException: Element is not currently visible and so may not be interacted with
Build info: version: 'unknown', revision: 'unknown', time: 'unknown'
System info: host: 'G-xiaf', ip: '192.168.106.252', os.name: 'Windows 7', os.arch: 'amd64', os.version: '6.1', java.version: '1.7.0_80'
Driver info: driver.version: unknown
	at <anonymous class>.fxdriver.preconditions.visible(file:///C:/Users/ALEX~1.G-X/AppData/Local/Temp/anonymous5630541075381972992webdriver-profile/extensions/fxdriver@googlecode.com/components/command-processor.js:9982)
	at <anonymous class>.DelayedCommand.prototype.checkPreconditions_(file:///C:/Users/ALEX~1.G-X/AppData/Local/Temp/anonymous5630541075381972992webdriver-profile/extensions/fxdriver@googlecode.com/components/command-processor.js:12626)
	at <anonymous class>.DelayedCommand.prototype.executeInternal_/h(file:///C:/Users/ALEX~1.G-X/AppData/Local/Temp/anonymous5630541075381972992webdriver-profile/extensions/fxdriver@googlecode.com/components/command-processor.js:12643)
	at <anonymous class>.DelayedCommand.prototype.executeInternal_(file:///C:/Users/ALEX~1.G-X/AppData/Local/Temp/anonymous5630541075381972992webdriver-profile/extensions/fxdriver@googlecode.com/components/command-processor.js:12648)
	at <anonymous class>.DelayedCommand.prototype.execute/<(file:///C:/Users/ALEX~1.G-X/AppData/Local/Temp/anonymous5630541075381972992webdriver-profile/extensions/fxdriver@googlecode.com/components/command-processor.js:12590)
... Removed 28 stack frames]]>
    </failure>
  </testcase> <!-- delallsdn -->
</testsuite> <!-- Try4 -->
